13:59:26.583 [main                     ] DEBUG Logger               - Configured Logger
13:59:26.591 [main                     ] DEBUG GameApplication      - Logging settings
Title: Pokemon2D
Version: 0.1
Width: 600
Height: 600
Fullscreen: false
Intro: false
Profiling: false
Single step:false
App Mode: DEVELOPER
Menu Key: ESCAPE
Stage Style: DECORATED
Scene Factory: class pokemon2D.Pokemon2DApp$1

13:59:27.424 [JavaFX Application Thread] DEBUG FXGLApplication      - Initializing FXGL
13:59:27.427 [JavaFX Application Thread] INFO  Engine               - FXGL-dev-SNAPSHOT (28.07.2021 16.39) on WINDOWS (J:13.0.1 FX:16)
13:59:27.427 [JavaFX Application Thread] DEBUG Engine               - JRE Vendor Name: Oracle Corporation
13:59:27.427 [JavaFX Application Thread] DEBUG Engine               - Running on OS: Windows 10 version 10.0
13:59:27.427 [JavaFX Application Thread] DEBUG Engine               - Architecture: amd64
13:59:27.427 [JavaFX Application Thread] INFO  Engine               - Source code and latest versions at: https://github.com/AlmasB/FXGL
13:59:27.428 [JavaFX Application Thread] INFO  Engine               -              Join the FXGL chat at: https://gitter.im/AlmasB/FXGL
13:59:27.560 [JavaFX Application Thread] DEBUG PrimaryStageWindow   - Creating a JavaFX scene
13:59:27.604 [JavaFX Application Thread] DEBUG PrimaryStageWindow   - Target settings size: 600.0 x 600.0
13:59:27.604 [JavaFX Application Thread] DEBUG PrimaryStageWindow   - Scaled scene size:    600.0 x 600.0
13:59:27.604 [JavaFX Application Thread] DEBUG PrimaryStageWindow   - Scaled ratio: (1.0, 1.0)
13:59:27.605 [JavaFX Application Thread] DEBUG PrimaryStageWindow   - Set initial scene to FXGLStartupScene
13:59:27.613 [JavaFX Application Thread] DEBUG PrimaryStageWindow   - Opening main window
13:59:27.721 [JavaFX Application Thread] DEBUG PrimaryStageWindow   - Window border size: (16.0, 39.0)
13:59:27.722 [JavaFX Application Thread] DEBUG PrimaryStageWindow   - Scaled size: 600.0 x 600.0
13:59:27.722 [JavaFX Application Thread] DEBUG PrimaryStageWindow   - Scaled ratio: (1.0, 1.0)
13:59:27.722 [JavaFX Application Thread] DEBUG PrimaryStageWindow   - Scene size: 600.0 x 600.0
13:59:27.722 [JavaFX Application Thread] DEBUG PrimaryStageWindow   - Stage size: 616.0 x 639.0
13:59:27.729 [FXGL Background Thread 1 ] DEBUG Engine               - Initializing environment variables
13:59:27.776 [FXGL Background Thread 1 ] DEBUG FXGLAssetLoaderServi - User app class for loading assets: class pokemon2D.Pokemon2DApp
13:59:27.777 [FXGL Background Thread 1 ] DEBUG GameApplicationServi - Applying CSS: fxgl_dark.css
13:59:27.777 [FXGL Background Thread 1 ] DEBUG FXGLAssetLoaderServi - Loading from file system: jar:file:/C:/Users/usuario/.m2/repository/com/github/almasb/fxgl/dev-SNAPSHOT/fxgl-dev-SNAPSHOT.jar!/fxglassets/ui/css/fxgl_dark.css
13:59:27.817 [FXGL Background Thread 1 ] DEBUG GameApplicationServi - Initializing application scenes
13:59:27.925 [FXGL Background Thread 1 ] DEBUG GameWorld            - Game world initialized
13:59:27.993 [FXGL Background Thread 1 ] DEBUG PhysicsWorld         - Physics world initialized: appHeight=600, physics.ppm=50.0
13:59:27.993 [FXGL Background Thread 1 ] DEBUG PhysicsWorld         - Using strategy: BRUTE_FORCE
13:59:27.996 [FXGL Background Thread 1 ] DEBUG GameScene            - Game scene initialized: 600x600
13:59:28.003 [FXGL Background Thread 1 ] DEBUG FXGLAssetLoaderServi - Loading from file system: jar:file:/C:/Users/usuario/.m2/repository/com/github/almasb/fxgl/dev-SNAPSHOT/fxgl-dev-SNAPSHOT.jar!/fxglassets/textures/pause_menu_bg.png
13:59:28.072 [FXGL Background Thread 1 ] DEBUG GameApplicationServi - Application scenes initialized
13:59:28.092 [FXGL Background Thread 1 ] DEBUG SystemBundleService  - Loading FXGL system data
13:59:28.095 [FXGL Background Thread 1 ] DEBUG FileSystemAccess     - Reading from: C:\Users\usuario\eclipse-workspace\PokemonGrid\system\fxgl.bundle
13:59:28.100 [FXGL Background Thread 1 ] DEBUG SystemBundleService  - Bundle FXGL: {}
13:59:28.100 [FXGL Background Thread 1 ] DEBUG UpdaterService       - Checking for updates
13:59:28.106 [FXGL Background Thread 4 ] DEBUG FXGLApplication      - Loading fonts
13:59:28.107 [FXGL Background Thread 1 ] DEBUG FXGLApplication      - Loading default localization
13:59:28.107 [FXGL Background Thread 4 ] DEBUG FXGLAssetLoaderServi - Loading from file system: jar:file:/C:/Users/usuario/.m2/repository/com/github/almasb/fxgl/dev-SNAPSHOT/fxgl-dev-SNAPSHOT.jar!/fxglassets/ui/fonts/VarelaRound-Regular.ttf
13:59:28.107 [FXGL Background Thread 1 ] DEBUG FXGLAssetLoaderServi - Loading from file system: jar:file:/C:/Users/usuario/.m2/repository/com/github/almasb/fxgl/dev-SNAPSHOT/fxgl-dev-SNAPSHOT.jar!/fxglassets/languages/english.lang
13:59:28.134 [FXGL Background Thread 1 ] INFO  FXGLApplication      - FXGL initialization took: 0.405 sec
13:59:28.144 [JavaFX Application Thread] DEBUG Input                - Registered new binding: Move Up - W
13:59:28.144 [JavaFX Application Thread] DEBUG Input                - Registered new binding: Move Left - A
13:59:28.145 [JavaFX Application Thread] DEBUG Input                - Registered new binding: Move Down - S
13:59:28.145 [JavaFX Application Thread] DEBUG Input                - Registered new binding: Move Right - D
13:59:28.146 [JavaFX Application Thread] DEBUG FXGLAssetLoaderServi - Loading from file system: jar:file:/C:/Users/usuario/.m2/repository/com/github/almasb/fxgl/dev-SNAPSHOT/fxgl-dev-SNAPSHOT.jar!/fxglassets/textures/fxgl_icon.png
13:59:28.165 [JavaFX Application Thread] DEBUG FXGLAssetLoaderServi - Loading from file system: jar:file:/C:/Users/usuario/.m2/repository/com/github/almasb/fxgl/dev-SNAPSHOT/fxgl-dev-SNAPSHOT.jar!/fxglassets/textures/fxgl_default_cursor.png
13:59:28.167 [JavaFX Application Thread] DEBUG Input                - Registered new binding: Screenshot - CTRL+8
13:59:28.168 [JavaFX Application Thread] DEBUG Input                - Registered new binding: System info dump - CTRL+9
13:59:28.168 [JavaFX Application Thread] DEBUG Input                - Registered new binding: Restart - CTRL+R
13:59:28.169 [JavaFX Application Thread] DEBUG Input                - Registered new binding: Toggle Debug Camera - CTRL+C
13:59:28.171 [JavaFX Application Thread] DEBUG LoopRunner           - Starting loop
13:59:28.172 [JavaFX Application Thread] DEBUG LoopRunner           - Initializing JavaFX AnimationTimerLoop
13:59:28.173 [JavaFX Application Thread] DEBUG GameApplicationServi - Starting new game
13:59:28.174 [JavaFX Application Thread] DEBUG Input                - Clearing active input actions
13:59:28.186 [JavaFX Application Thread] DEBUG GameApplicationServi - Removing overlay from FXGLStartupScene and adding to FXGLLoadingScene
13:59:28.186 [JavaFX Application Thread] DEBUG PrimaryStageWindow   - FXGLStartupScene -> FXGLLoadingScene
13:59:28.187 [JavaFX Application Thread] DEBUG GameApplicationServi - Clearing previous game
13:59:28.187 [JavaFX Application Thread] DEBUG GameScene            - Clearing game scene
13:59:28.187 [JavaFX Application Thread] DEBUG GameWorld            - Clearing game world
13:59:28.187 [JavaFX Application Thread] DEBUG PhysicsWorld         - Clearing physics world
13:59:28.191 [FXGL Background Thread 1 ] DEBUG FXGLApplication      - Initializing game
13:59:28.201 [FXGL Background Thread 1 ] DEBUG FXGLAssetLoaderServi - Loading from file system: file:/C:/Users/usuario/eclipse-workspace/PokemonGrid/target/classes/assets/textures/treeTile.png
13:59:28.231 [FXGL Background Thread 1 ] DEBUG FXGLAssetLoaderServi - Loading from file system: file:/C:/Users/usuario/eclipse-workspace/PokemonGrid/target/classes/assets/textures/grassTile.png
13:59:28.427 [FXGL Background Thread 1 ] DEBUG GameWorld            - Clearing removable entities
13:59:28.428 [FXGL Background Thread 1 ] DEBUG GameWorld            - Setting level: com.almasb.fxgl.entity.level.Level@43c7456b
13:59:28.464 [FXGL Background Thread 1 ] DEBUG FXGLAssetLoaderServi - Loading from file system: file:/C:/Users/usuario/eclipse-workspace/PokemonGrid/target/classes/assets/textures/idleDown.png
13:59:28.478 [FXGL Background Thread 1 ] INFO  FXGLApplication      - Game initialization took: 0.288 sec
13:59:28.485 [JavaFX Application Thread] DEBUG Input                - Clearing active input actions
13:59:28.505 [JavaFX Application Thread] DEBUG GameApplicationServi - Removing overlay from FXGLLoadingScene and adding to GameScene
13:59:28.505 [JavaFX Application Thread] DEBUG PrimaryStageWindow   - FXGLLoadingScene -> GameScene
13:59:28.808 [FXGL Background Thread 4 ] DEBUG FXGLAssetLoaderServi - Loading from file system: jar:file:/C:/Users/usuario/.m2/repository/com/github/almasb/fxgl/dev-SNAPSHOT/fxgl-dev-SNAPSHOT.jar!/fxglassets/ui/fonts/Abel-Regular.ttf
13:59:28.816 [FXGL Background Thread 4 ] DEBUG FXGLAssetLoaderServi - Loading from file system: jar:file:/C:/Users/usuario/.m2/repository/com/github/almasb/fxgl/dev-SNAPSHOT/fxgl-dev-SNAPSHOT.jar!/fxglassets/ui/fonts/lucida_console.ttf
13:59:28.820 [FXGL Background Thread 4 ] DEBUG FXGLAssetLoaderServi - Loading from file system: jar:file:/C:/Users/usuario/.m2/repository/com/github/almasb/fxgl/dev-SNAPSHOT/fxgl-dev-SNAPSHOT.jar!/fxglassets/ui/fonts/Courier-Prime.ttf
13:59:28.824 [JavaFX Application Thread] DEBUG FXGLApplication      - Registering font factories with UI factory
13:59:29.209 [FXGL Background Thread 2 ] INFO  UpdaterService       - Your current version:  dev-SNAPSHOT
13:59:29.209 [FXGL Background Thread 2 ] INFO  UpdaterService       - Latest stable version: 17
13:59:31.106 [FXGL Background Thread 3 ] DEBUG Engine               - Logging environment variables
13:59:31.106 [FXGL Background Thread 3 ] DEBUG Engine               - achievements: []
13:59:31.106 [FXGL Background Thread 3 ] DEBUG Engine               - actualHeight: 600.0
13:59:31.106 [FXGL Background Thread 3 ] DEBUG Engine               - actualHeightProperty: ReadOnlyDoubleProperty [value: 600.0]
13:59:31.106 [FXGL Background Thread 3 ] DEBUG Engine               - actualWidth: 600.0
13:59:31.106 [FXGL Background Thread 3 ] DEBUG Engine               - actualWidthProperty: ReadOnlyDoubleProperty [value: 600.0]
13:59:31.106 [FXGL Background Thread 3 ] DEBUG Engine               - appIcon: fxgl_icon.png
13:59:31.106 [FXGL Background Thread 3 ] DEBUG Engine               - applicationMode: DEVELOPER
13:59:31.106 [FXGL Background Thread 3 ] DEBUG Engine               - cSSList: [fxgl_dark.css]
13:59:31.107 [FXGL Background Thread 3 ] DEBUG Engine               - collisionDetectionStrategy: BRUTE_FORCE
13:59:31.107 [FXGL Background Thread 3 ] DEBUG Engine               - configClass: Optional.empty
13:59:31.107 [FXGL Background Thread 3 ] DEBUG Engine               - credits: []
13:59:31.107 [FXGL Background Thread 3 ] DEBUG Engine               - defaultCursor: CursorInfo(imageName=fxgl_default_cursor.png, hotspotX=7.0, hotspotY=6.0)
13:59:31.107 [FXGL Background Thread 3 ] DEBUG Engine               - devBBoxColorProperty: ObjectProperty [value: 0xff0000ff]
13:59:31.107 [FXGL Background Thread 3 ] DEBUG Engine               - devEnableDebugCameraProperty: BooleanProperty [value: false]
13:59:31.107 [FXGL Background Thread 3 ] DEBUG Engine               - devSensorColorProperty: ObjectProperty [value: 0xffff00ff]
13:59:31.107 [FXGL Background Thread 3 ] DEBUG Engine               - devShowBBoxProperty: BooleanProperty [value: false]
13:59:31.107 [FXGL Background Thread 3 ] DEBUG Engine               - devShowPositionProperty: BooleanProperty [value: false]
13:59:31.107 [FXGL Background Thread 3 ] DEBUG Engine               - enabledMenuItems: []
13:59:31.107 [FXGL Background Thread 3 ] DEBUG Engine               - engineServices: [class com.almasb.fxgl.app.services.FXGLAssetLoaderService, class com.almasb.fxgl.app.FXGLApplication$GameApplicationService, class com.almasb.fxgl.app.services.FXGLDialogService, class com.almasb.fxgl.app.services.IOTaskExecutorService, class com.almasb.fxgl.io.FileSystemService, class com.almasb.fxgl.localization.LocalizationService, class com.almasb.fxgl.app.services.SystemBundleService, class com.almasb.fxgl.profile.SaveLoadService, class com.almasb.fxgl.ui.FXGLUIFactoryServiceProvider, class com.almasb.fxgl.ui.FXGLDialogFactoryServiceProvider, class com.almasb.fxgl.audio.AudioPlayer, class com.almasb.fxgl.notification.impl.NotificationServiceProvider, class com.almasb.fxgl.achievement.AchievementService, class com.almasb.fxgl.cutscene.CutsceneService, class com.almasb.fxgl.minigames.MiniGameService, class com.almasb.fxgl.net.NetService, class com.almasb.fxgl.app.services.UpdaterService, class com.almasb.fxgl.dev.DevService]
13:59:31.107 [FXGL Background Thread 3 ] DEBUG Engine               - fontGame: Abel-Regular.ttf
13:59:31.107 [FXGL Background Thread 3 ] DEBUG Engine               - fontMono: lucida_console.ttf
13:59:31.107 [FXGL Background Thread 3 ] DEBUG Engine               - fontText: Courier-Prime.ttf
13:59:31.107 [FXGL Background Thread 3 ] DEBUG Engine               - fontUI: VarelaRound-Regular.ttf
13:59:31.107 [FXGL Background Thread 3 ] DEBUG Engine               - fullScreen: BooleanProperty [value: false]
13:59:31.108 [FXGL Background Thread 3 ] DEBUG Engine               - gameDifficulty: MEDIUM
13:59:31.108 [FXGL Background Thread 3 ] DEBUG Engine               - gameDifficultyProperty: ObjectProperty [value: MEDIUM]
13:59:31.108 [FXGL Background Thread 3 ] DEBUG Engine               - globalMusicVolume: 0.5
13:59:31.108 [FXGL Background Thread 3 ] DEBUG Engine               - globalMusicVolumeProperty: DoubleProperty [value: 0.5]
13:59:31.108 [FXGL Background Thread 3 ] DEBUG Engine               - globalSoundVolume: 0.5
13:59:31.108 [FXGL Background Thread 3 ] DEBUG Engine               - globalSoundVolumeProperty: DoubleProperty [value: 0.5]
13:59:31.108 [FXGL Background Thread 3 ] DEBUG Engine               - height: 600
13:59:31.108 [FXGL Background Thread 3 ] DEBUG Engine               - is3D: false
13:59:31.108 [FXGL Background Thread 3 ] DEBUG Engine               - isAndroid: false
13:59:31.109 [FXGL Background Thread 3 ] DEBUG Engine               - isBrowser: false
13:59:31.109 [FXGL Background Thread 3 ] DEBUG Engine               - isClickFeedbackEnabled: false
13:59:31.109 [FXGL Background Thread 3 ] DEBUG Engine               - isCloseConfirmation: false
13:59:31.109 [FXGL Background Thread 3 ] DEBUG Engine               - isDesktop: true
13:59:31.109 [FXGL Background Thread 3 ] DEBUG Engine               - isDeveloperMenuEnabled: false
13:59:31.109 [FXGL Background Thread 3 ] DEBUG Engine               - isEmbedded: false
13:59:31.109 [FXGL Background Thread 3 ] DEBUG Engine               - isEntityPreloadEnabled: true
13:59:31.109 [FXGL Background Thread 3 ] DEBUG Engine               - isExperimentalTiledLargeMap: false
13:59:31.109 [FXGL Background Thread 3 ] DEBUG Engine               - isFileSystemWriteAllowed: true
13:59:31.109 [FXGL Background Thread 3 ] DEBUG Engine               - isFullScreenAllowed: false
13:59:31.109 [FXGL Background Thread 3 ] DEBUG Engine               - isFullScreenFromStart: false
13:59:31.109 [FXGL Background Thread 3 ] DEBUG Engine               - isGameMenuEnabled: true
13:59:31.109 [FXGL Background Thread 3 ] DEBUG Engine               - isIOS: false
13:59:31.109 [FXGL Background Thread 3 ] DEBUG Engine               - isIntroEnabled: false
13:59:31.109 [FXGL Background Thread 3 ] DEBUG Engine               - isLinux: false
13:59:31.109 [FXGL Background Thread 3 ] DEBUG Engine               - isMac: false
13:59:31.109 [FXGL Background Thread 3 ] DEBUG Engine               - isMainMenuEnabled: false
13:59:31.110 [FXGL Background Thread 3 ] DEBUG Engine               - isManualResizeEnabled: false
13:59:31.110 [FXGL Background Thread 3 ] DEBUG Engine               - isMobile: false
13:59:31.110 [FXGL Background Thread 3 ] DEBUG Engine               - isNative: false
13:59:31.110 [FXGL Background Thread 3 ] DEBUG Engine               - isPauseMusicWhenMinimized: true
13:59:31.110 [FXGL Background Thread 3 ] DEBUG Engine               - isPreserveResizeRatio: false
13:59:31.110 [FXGL Background Thread 3 ] DEBUG Engine               - isProfilingEnabled: false
13:59:31.110 [FXGL Background Thread 3 ] DEBUG Engine               - isScaleAffectedOnResize: true
13:59:31.110 [FXGL Background Thread 3 ] DEBUG Engine               - isSingleStep: false
13:59:31.110 [FXGL Background Thread 3 ] DEBUG Engine               - isUserProfileEnabled: false
13:59:31.110 [FXGL Background Thread 3 ] DEBUG Engine               - isWindows: true
13:59:31.110 [FXGL Background Thread 3 ] DEBUG Engine               - language: ObjectProperty [value: ENGLISH]
13:59:31.110 [FXGL Background Thread 3 ] DEBUG Engine               - menuKey: ESCAPE
13:59:31.110 [FXGL Background Thread 3 ] DEBUG Engine               - mouseSensitivity: 0.2
13:59:31.110 [FXGL Background Thread 3 ] DEBUG Engine               - notificationViewClass: class com.almasb.fxgl.notification.view.XboxNotificationView
13:59:31.110 [FXGL Background Thread 3 ] DEBUG Engine               - pixelsPerMeter: 50.0
13:59:31.110 [FXGL Background Thread 3 ] DEBUG Engine               - platform: WINDOWS
13:59:31.110 [FXGL Background Thread 3 ] DEBUG Engine               - prefHeightProperty: ReadOnlyDoubleProperty [value: 600.0]
13:59:31.110 [FXGL Background Thread 3 ] DEBUG Engine               - prefWidthProperty: ReadOnlyDoubleProperty [value: 600.0]
13:59:31.110 [FXGL Background Thread 3 ] DEBUG Engine               - profileDir: profiles/
13:59:31.110 [FXGL Background Thread 3 ] DEBUG Engine               - profileName: StringProperty [value: DEFAULT]
13:59:31.110 [FXGL Background Thread 3 ] DEBUG Engine               - randomSeed: -1
13:59:31.110 [FXGL Background Thread 3 ] DEBUG Engine               - runtimeInfo: RuntimeInfo(platform=WINDOWS, version=dev-SNAPSHOT, build=28.07.2021 16.39)
13:59:31.111 [FXGL Background Thread 3 ] DEBUG Engine               - saveFileExt: sav
13:59:31.111 [FXGL Background Thread 3 ] DEBUG Engine               - scaledHeightProp$fxgl: DoubleProperty [bound, value: 600.0]
13:59:31.111 [FXGL Background Thread 3 ] DEBUG Engine               - scaledWidthProp$fxgl: DoubleProperty [bound, value: 600.0]
13:59:31.111 [FXGL Background Thread 3 ] DEBUG Engine               - sceneFactory: pokemon2D.Pokemon2DApp$1@1094a12
13:59:31.111 [FXGL Background Thread 3 ] DEBUG Engine               - secondsIn24h: 60
13:59:31.111 [FXGL Background Thread 3 ] DEBUG Engine               - soundMenuBack: menu/back.wav
13:59:31.111 [FXGL Background Thread 3 ] DEBUG Engine               - soundMenuPress: menu/press.wav
13:59:31.111 [FXGL Background Thread 3 ] DEBUG Engine               - soundMenuSelect: menu/select.wav
13:59:31.111 [FXGL Background Thread 3 ] DEBUG Engine               - soundNotification: core/notification.wav
13:59:31.111 [FXGL Background Thread 3 ] DEBUG Engine               - stageStyle: DECORATED
13:59:31.111 [FXGL Background Thread 3 ] DEBUG Engine               - supportedLanguages: [ENGLISH, FRENCH, GERMAN, HUNGARIAN, RUSSIAN]
13:59:31.111 [FXGL Background Thread 3 ] DEBUG Engine               - ticksPerSecond: -1
13:59:31.111 [FXGL Background Thread 3 ] DEBUG Engine               - title: Pokemon2D
13:59:31.111 [FXGL Background Thread 3 ] DEBUG Engine               - urlGithub: https://github.com/AlmasB/FXGL
13:59:31.111 [FXGL Background Thread 3 ] DEBUG Engine               - urlLeaderboard: http://fxgl-top.herokuapp.com/
13:59:31.111 [FXGL Background Thread 3 ] DEBUG Engine               - urlPOM: https://raw.githubusercontent.com/AlmasB/FXGL/release/README.md
13:59:31.111 [FXGL Background Thread 3 ] DEBUG Engine               - userAppClass: class pokemon2D.Pokemon2DApp
13:59:31.111 [FXGL Background Thread 3 ] DEBUG Engine               - version: 0.1
13:59:31.111 [FXGL Background Thread 3 ] DEBUG Engine               - versionCheckDays: 7
13:59:31.111 [FXGL Background Thread 3 ] DEBUG Engine               - width: 600
13:59:31.111 [FXGL Background Thread 3 ] DEBUG Engine               - Logging services
13:59:31.111 [FXGL Background Thread 3 ] DEBUG Engine               - class com.almasb.fxgl.app.services.FXGLAssetLoaderService
13:59:31.111 [FXGL Background Thread 3 ] DEBUG Engine               - class com.almasb.fxgl.app.FXGLApplication$GameApplicationService
13:59:31.111 [FXGL Background Thread 3 ] DEBUG Engine               - class com.almasb.fxgl.app.services.FXGLDialogService
13:59:31.111 [FXGL Background Thread 3 ] DEBUG Engine               - class com.almasb.fxgl.app.services.IOTaskExecutorService
13:59:31.112 [FXGL Background Thread 3 ] DEBUG Engine               - class com.almasb.fxgl.io.FileSystemService
13:59:31.112 [FXGL Background Thread 3 ] DEBUG Engine               - class com.almasb.fxgl.localization.LocalizationService
13:59:31.112 [FXGL Background Thread 3 ] DEBUG Engine               - class com.almasb.fxgl.app.services.SystemBundleService
13:59:31.112 [FXGL Background Thread 3 ] DEBUG Engine               - class com.almasb.fxgl.profile.SaveLoadService
13:59:31.112 [FXGL Background Thread 3 ] DEBUG Engine               - class com.almasb.fxgl.ui.FXGLUIFactoryServiceProvider
13:59:31.112 [FXGL Background Thread 3 ] DEBUG Engine               - class com.almasb.fxgl.ui.FXGLDialogFactoryServiceProvider
13:59:31.112 [FXGL Background Thread 3 ] DEBUG Engine               - class com.almasb.fxgl.audio.AudioPlayer
13:59:31.112 [FXGL Background Thread 3 ] DEBUG Engine               - class com.almasb.fxgl.notification.impl.NotificationServiceProvider
13:59:31.112 [FXGL Background Thread 3 ] DEBUG Engine               - class com.almasb.fxgl.achievement.AchievementService
13:59:31.112 [FXGL Background Thread 3 ] DEBUG Engine               - class com.almasb.fxgl.cutscene.CutsceneService
13:59:31.112 [FXGL Background Thread 3 ] DEBUG Engine               - class com.almasb.fxgl.minigames.MiniGameService
13:59:31.112 [FXGL Background Thread 3 ] DEBUG Engine               - class com.almasb.fxgl.net.NetService
13:59:31.112 [FXGL Background Thread 3 ] DEBUG Engine               - class com.almasb.fxgl.app.services.UpdaterService
13:59:31.112 [FXGL Background Thread 3 ] DEBUG Engine               - class com.almasb.fxgl.dev.DevService
13:59:40.776 [JavaFX Application Thread] DEBUG FXGLApplication      - Exiting FXGL
13:59:40.776 [JavaFX Application Thread] DEBUG LoopRunner           - Stopping loop
13:59:40.776 [JavaFX Application Thread] DEBUG SystemBundleService  - Saving FXGL system data
13:59:40.778 [JavaFX Application Thread] DEBUG FileSystemAccess     - Writing to: C:\Users\usuario\eclipse-workspace\PokemonGrid\system\fxgl.bundle
13:59:40.779 [JavaFX Application Thread] DEBUG Async                - Shutting down background threads
13:59:40.779 [JavaFX Application Thread] DEBUG PrimaryStageWindow   - Closing main window
13:59:40.788 [JavaFX Application Thread] DEBUG Logger               - Closing Logger
