13:42:12.272 [main                     ] DEBUG Logger               - Configured Logger
13:42:12.286 [main                     ] DEBUG GameApplication      - Logging settings
Title: Pokemon2D
Version: 0.1
Width: 600
Height: 600
Fullscreen: false
Intro: false
Profiling: false
Single step:false
App Mode: DEVELOPER
Menu Key: ESCAPE
Stage Style: DECORATED
Scene Factory: class pokemon2D.Pokemon2DApp$1

13:42:12.809 [JavaFX Application Thread] DEBUG FXGLApplication      - Initializing FXGL
13:42:12.811 [JavaFX Application Thread] INFO  Engine               - FXGL-dev-SNAPSHOT (28.07.2021 16.39) on WINDOWS (J:13.0.1 FX:16)
13:42:12.812 [JavaFX Application Thread] DEBUG Engine               - JRE Vendor Name: Oracle Corporation
13:42:12.812 [JavaFX Application Thread] DEBUG Engine               - Running on OS: Windows 10 version 10.0
13:42:12.812 [JavaFX Application Thread] DEBUG Engine               - Architecture: amd64
13:42:12.812 [JavaFX Application Thread] INFO  Engine               - Source code and latest versions at: https://github.com/AlmasB/FXGL
13:42:12.812 [JavaFX Application Thread] INFO  Engine               -              Join the FXGL chat at: https://gitter.im/AlmasB/FXGL
13:42:12.949 [JavaFX Application Thread] DEBUG PrimaryStageWindow   - Creating a JavaFX scene
13:42:12.999 [JavaFX Application Thread] DEBUG PrimaryStageWindow   - Target settings size: 600.0 x 600.0
13:42:12.999 [JavaFX Application Thread] DEBUG PrimaryStageWindow   - Scaled scene size:    600.0 x 600.0
13:42:13.000 [JavaFX Application Thread] DEBUG PrimaryStageWindow   - Scaled ratio: (1.0, 1.0)
13:42:13.001 [JavaFX Application Thread] DEBUG PrimaryStageWindow   - Set initial scene to FXGLStartupScene
13:42:13.034 [JavaFX Application Thread] DEBUG PrimaryStageWindow   - Opening main window
13:42:13.147 [JavaFX Application Thread] DEBUG PrimaryStageWindow   - Window border size: (16.0, 39.0)
13:42:13.148 [JavaFX Application Thread] DEBUG PrimaryStageWindow   - Scaled size: 600.0 x 600.0
13:42:13.148 [JavaFX Application Thread] DEBUG PrimaryStageWindow   - Scaled ratio: (1.0, 1.0)
13:42:13.148 [JavaFX Application Thread] DEBUG PrimaryStageWindow   - Scene size: 600.0 x 600.0
13:42:13.148 [JavaFX Application Thread] DEBUG PrimaryStageWindow   - Stage size: 616.0 x 639.0
13:42:13.155 [FXGL Background Thread 1 ] DEBUG Engine               - Initializing environment variables
13:42:13.202 [FXGL Background Thread 1 ] DEBUG FXGLAssetLoaderServi - User app class for loading assets: class pokemon2D.Pokemon2DApp
13:42:13.202 [FXGL Background Thread 1 ] DEBUG GameApplicationServi - Applying CSS: fxgl_dark.css
13:42:13.203 [FXGL Background Thread 1 ] DEBUG FXGLAssetLoaderServi - Loading from file system: jar:file:/C:/Users/usuario/.m2/repository/com/github/almasb/fxgl/dev-SNAPSHOT/fxgl-dev-SNAPSHOT.jar!/fxglassets/ui/css/fxgl_dark.css
13:42:13.253 [FXGL Background Thread 1 ] DEBUG GameApplicationServi - Initializing application scenes
13:42:13.324 [FXGL Background Thread 1 ] DEBUG GameWorld            - Game world initialized
13:42:13.374 [FXGL Background Thread 1 ] DEBUG PhysicsWorld         - Physics world initialized: appHeight=600, physics.ppm=50.0
13:42:13.375 [FXGL Background Thread 1 ] DEBUG PhysicsWorld         - Using strategy: BRUTE_FORCE
13:42:13.377 [FXGL Background Thread 1 ] DEBUG GameScene            - Game scene initialized: 600x600
13:42:13.383 [FXGL Background Thread 1 ] DEBUG FXGLAssetLoaderServi - Loading from file system: jar:file:/C:/Users/usuario/.m2/repository/com/github/almasb/fxgl/dev-SNAPSHOT/fxgl-dev-SNAPSHOT.jar!/fxglassets/textures/pause_menu_bg.png
13:42:13.427 [FXGL Background Thread 1 ] DEBUG GameApplicationServi - Application scenes initialized
13:42:13.444 [FXGL Background Thread 1 ] DEBUG SystemBundleService  - Loading FXGL system data
13:42:13.447 [FXGL Background Thread 1 ] DEBUG FileSystemAccess     - Reading from: C:\Users\usuario\eclipse-workspace\PokemonGrid\system\fxgl.bundle
13:42:13.453 [FXGL Background Thread 1 ] DEBUG SystemBundleService  - Bundle FXGL: {}
13:42:13.453 [FXGL Background Thread 1 ] DEBUG UpdaterService       - Checking for updates
13:42:13.463 [FXGL Background Thread 1 ] DEBUG FXGLApplication      - Loading default localization
13:42:13.465 [FXGL Background Thread 1 ] DEBUG FXGLAssetLoaderServi - Loading from file system: jar:file:/C:/Users/usuario/.m2/repository/com/github/almasb/fxgl/dev-SNAPSHOT/fxgl-dev-SNAPSHOT.jar!/fxglassets/languages/english.lang
13:42:13.479 [FXGL Background Thread 1 ] INFO  FXGLApplication      - FXGL initialization took: 0.324 sec
13:42:13.481 [FXGL Background Thread 4 ] DEBUG FXGLApplication      - Loading fonts
13:42:13.482 [FXGL Background Thread 4 ] DEBUG FXGLAssetLoaderServi - Loading from file system: jar:file:/C:/Users/usuario/.m2/repository/com/github/almasb/fxgl/dev-SNAPSHOT/fxgl-dev-SNAPSHOT.jar!/fxglassets/ui/fonts/VarelaRound-Regular.ttf
13:42:13.488 [JavaFX Application Thread] DEBUG Input                - Registered new binding: Move Up - W
13:42:13.488 [JavaFX Application Thread] DEBUG Input                - Registered new binding: Move Left - A
13:42:13.489 [JavaFX Application Thread] DEBUG Input                - Registered new binding: Move Down - S
13:42:13.489 [JavaFX Application Thread] DEBUG Input                - Registered new binding: Move Right - D
13:42:13.493 [JavaFX Application Thread] DEBUG FXGLAssetLoaderServi - Loading from file system: jar:file:/C:/Users/usuario/.m2/repository/com/github/almasb/fxgl/dev-SNAPSHOT/fxgl-dev-SNAPSHOT.jar!/fxglassets/textures/fxgl_icon.png
13:42:13.508 [JavaFX Application Thread] DEBUG FXGLAssetLoaderServi - Loading from file system: jar:file:/C:/Users/usuario/.m2/repository/com/github/almasb/fxgl/dev-SNAPSHOT/fxgl-dev-SNAPSHOT.jar!/fxglassets/textures/fxgl_default_cursor.png
13:42:13.510 [JavaFX Application Thread] DEBUG Input                - Registered new binding: Screenshot - CTRL+8
13:42:13.510 [JavaFX Application Thread] DEBUG Input                - Registered new binding: System info dump - CTRL+9
13:42:13.511 [JavaFX Application Thread] DEBUG Input                - Registered new binding: Restart - CTRL+R
13:42:13.511 [JavaFX Application Thread] DEBUG Input                - Registered new binding: Toggle Debug Camera - CTRL+C
13:42:13.513 [JavaFX Application Thread] DEBUG LoopRunner           - Starting loop
13:42:13.513 [JavaFX Application Thread] DEBUG LoopRunner           - Initializing JavaFX AnimationTimerLoop
13:42:13.515 [JavaFX Application Thread] DEBUG GameApplicationServi - Starting new game
13:42:13.515 [JavaFX Application Thread] DEBUG Input                - Clearing active input actions
13:42:13.525 [JavaFX Application Thread] DEBUG GameApplicationServi - Removing overlay from FXGLStartupScene and adding to FXGLLoadingScene
13:42:13.525 [JavaFX Application Thread] DEBUG PrimaryStageWindow   - FXGLStartupScene -> FXGLLoadingScene
13:42:13.525 [JavaFX Application Thread] DEBUG GameApplicationServi - Clearing previous game
13:42:13.525 [JavaFX Application Thread] DEBUG GameScene            - Clearing game scene
13:42:13.525 [JavaFX Application Thread] DEBUG GameWorld            - Clearing game world
13:42:13.525 [JavaFX Application Thread] DEBUG PhysicsWorld         - Clearing physics world
13:42:13.527 [FXGL Background Thread 1 ] DEBUG FXGLApplication      - Initializing game
13:42:13.535 [FXGL Background Thread 1 ] DEBUG FXGLAssetLoaderServi - Loading from file system: file:/C:/Users/usuario/eclipse-workspace/PokemonGrid/target/classes/assets/textures/treeTile.png
13:42:13.557 [FXGL Background Thread 1 ] DEBUG FXGLAssetLoaderServi - Loading from file system: file:/C:/Users/usuario/eclipse-workspace/PokemonGrid/target/classes/assets/textures/grassTile.png
13:42:13.680 [FXGL Background Thread 1 ] DEBUG GameWorld            - Clearing removable entities
13:42:13.681 [FXGL Background Thread 1 ] DEBUG GameWorld            - Setting level: com.almasb.fxgl.entity.level.Level@64ca6ae
13:42:13.722 [FXGL Background Thread 1 ] DEBUG FXGLAssetLoaderServi - Loading from file system: file:/C:/Users/usuario/eclipse-workspace/PokemonGrid/target/classes/assets/textures/idleDown.png
13:42:13.737 [FXGL Background Thread 1 ] INFO  FXGLApplication      - Game initialization took: 0.210 sec
13:42:13.740 [JavaFX Application Thread] DEBUG Input                - Clearing active input actions
13:42:13.759 [JavaFX Application Thread] DEBUG GameApplicationServi - Removing overlay from FXGLLoadingScene and adding to GameScene
13:42:13.759 [JavaFX Application Thread] DEBUG PrimaryStageWindow   - FXGLLoadingScene -> GameScene
13:42:14.014 [FXGL Background Thread 4 ] DEBUG FXGLAssetLoaderServi - Loading from file system: jar:file:/C:/Users/usuario/.m2/repository/com/github/almasb/fxgl/dev-SNAPSHOT/fxgl-dev-SNAPSHOT.jar!/fxglassets/ui/fonts/Abel-Regular.ttf
13:42:14.016 [FXGL Background Thread 4 ] DEBUG FXGLAssetLoaderServi - Loading from file system: jar:file:/C:/Users/usuario/.m2/repository/com/github/almasb/fxgl/dev-SNAPSHOT/fxgl-dev-SNAPSHOT.jar!/fxglassets/ui/fonts/lucida_console.ttf
13:42:14.020 [FXGL Background Thread 4 ] DEBUG FXGLAssetLoaderServi - Loading from file system: jar:file:/C:/Users/usuario/.m2/repository/com/github/almasb/fxgl/dev-SNAPSHOT/fxgl-dev-SNAPSHOT.jar!/fxglassets/ui/fonts/Courier-Prime.ttf
13:42:14.030 [JavaFX Application Thread] DEBUG FXGLApplication      - Registering font factories with UI factory
13:42:14.248 [FXGL Background Thread 2 ] INFO  UpdaterService       - Your current version:  dev-SNAPSHOT
13:42:14.248 [FXGL Background Thread 2 ] INFO  UpdaterService       - Latest stable version: 17
13:42:15.844 [JavaFX Application Thread] DEBUG FXGLApplication      - Exiting FXGL
13:42:15.845 [JavaFX Application Thread] DEBUG LoopRunner           - Stopping loop
13:42:15.845 [JavaFX Application Thread] DEBUG SystemBundleService  - Saving FXGL system data
13:42:15.847 [JavaFX Application Thread] DEBUG FileSystemAccess     - Writing to: C:\Users\usuario\eclipse-workspace\PokemonGrid\system\fxgl.bundle
13:42:15.848 [JavaFX Application Thread] DEBUG Async                - Shutting down background threads
13:42:15.848 [JavaFX Application Thread] DEBUG PrimaryStageWindow   - Closing main window
13:42:15.858 [JavaFX Application Thread] DEBUG Logger               - Closing Logger
